2023-12-23 20:04:43,428 - INFO - User f4e07ca5098b2a135c5ac8bc80d3d453c4d6dc232cea2c2ce9defda6b7307b0e logged out
2023-12-23 20:05:04,474 - INFO - OTP sent to mondaymarvelpodcast@gmail.com
2023-12-23 21:48:37,330 - INFO - User 05e1c5da796eef4ecb95fa2519f449b25c28729c1ab136109953d7e2efd49824 logged in after otp verification
2023-12-23 21:48:37,442 - INFO - User 05e1c5da796eef4ecb95fa2519f449b25c28729c1ab136109953d7e2efd49824 accessed ride 6585d46e488f61f42a75927f. Status of the ride is scheduled
2023-12-23 21:48:44,598 - INFO - User 05e1c5da796eef4ecb95fa2519f449b25c28729c1ab136109953d7e2efd49824 logged out
2023-12-23 21:48:58,013 - INFO - OTP sent to mondaymarvelpodcast@gmail.com
2023-12-23 21:50:39,268 - INFO - User 05e1c5da796eef4ecb95fa2519f449b25c28729c1ab136109953d7e2efd49824 logged in after otp verification
2023-12-23 21:50:44,009 - INFO - User 05e1c5da796eef4ecb95fa2519f449b25c28729c1ab136109953d7e2efd49824 logged out
2023-12-23 21:50:59,231 - INFO - OTP sent to mondaymarvelpodcast@gmail.com
2023-12-23 21:58:26,742 - INFO - User 05e1c5da796eef4ecb95fa2519f449b25c28729c1ab136109953d7e2efd49824 logged in after otp verification
2023-12-23 21:58:32,988 - INFO - User 05e1c5da796eef4ecb95fa2519f449b25c28729c1ab136109953d7e2efd49824 logged out
2023-12-23 21:58:45,385 - INFO - OTP sent to mondaymarvelpodcast@gmail.com
2023-12-23 23:04:12,381 - INFO - User mondaymarvelpodcast@gmail.com entered otp 9919
2023-12-23 23:04:12,382 - INFO - User 05e1c5da796eef4ecb95fa2519f449b25c28729c1ab136109953d7e2efd49824 logged in after otp verification
2023-12-23 23:04:16,384 - INFO - User 05e1c5da796eef4ecb95fa2519f449b25c28729c1ab136109953d7e2efd49824 logged out
2023-12-23 23:04:37,792 - INFO - OTP sent to mondaymarvelpodcast@gmail.com
2023-12-23 23:04:40,663 - INFO - User mondaymarvelpodcast@gmail.com entered otp 1231
2023-12-23 23:13:47,659 - INFO - User mondaymarvelpodcast@gmail.com entered otp 1231
2023-12-23 23:14:12,036 - INFO - User mondaymarvelpodcast@gmail.com entered otp 9008
2023-12-23 23:14:12,037 - INFO - User 05e1c5da796eef4ecb95fa2519f449b25c28729c1ab136109953d7e2efd49824 logged in after otp verification
2023-12-23 23:55:07,055 - INFO - User 05e1c5da796eef4ecb95fa2519f449b25c28729c1ab136109953d7e2efd49824 logged out
2023-12-23 23:55:21,040 - INFO - OTP sent to admin@quickie.com
2023-12-23 23:55:30,488 - INFO - User admin@quickie.com entered otp 4275
2023-12-23 23:55:30,489 - INFO - User f4e07ca5098b2a135c5ac8bc80d3d453c4d6dc232cea2c2ce9defda6b7307b0e logged in after otp verification
