[2023-12-24 12:25:44.928802] INFO: action: Driver ee9557bc117b3550f46d5d08adb6583c1d74f7639e0909aca0af4bc43a2d12e7 details updated
[2023-12-24 12:25:44.929783] INFO: action: Driver ee9557bc117b3550f46d5d08adb6583c1d74f7639e0909aca0af4bc43a2d12e7 rating updated
[2023-12-24 12:26:36.906763] INFO: action: User 05e1c5da796eef4ecb95fa2519f449b25c28729c1ab136109953d7e2efd49824 created a ride from 131, Avenue de Flandre, Paris, IDF, 75019, France to 115 avenue de Paris, Versailles, France at Now on 2023-12-23T23:00:00.000Z
[2023-12-24 12:26:36.908759] INFO: action: Ride 6588237c4e0846172b307e45 created
[2023-12-24 12:26:36.940724] INFO: action: User 05e1c5da796eef4ecb95fa2519f449b25c28729c1ab136109953d7e2efd49824 accessed ride 6588237c4e0846172b307e45. Status of the ride is searching
[2023-12-24 12:26:37.823005] INFO: action: SOCKETS : Customer 05e1c5da796eef4ecb95fa2519f449b25c28729c1ab136109953d7e2efd49824 connected to sockets
[2023-12-24 12:26:37.862011] INFO: action: SOCKETS : New ride request sent to drivers of QuickieX by User 05e1c5da796eef4ecb95fa2519f449b25c28729c1ab136109953d7e2efd49824
[2023-12-24 12:27:09.982467] INFO: action: SOCKETS : Driver ee9557bc117b3550f46d5d08adb6583c1d74f7639e0909aca0af4bc43a2d12e7 connected to sockets
[2023-12-24 12:27:33.663220] INFO: action: SOCKETS : User 05e1c5da796eef4ecb95fa2519f449b25c28729c1ab136109953d7e2efd49824 cancelled ride request 6588237c4e0846172b307e45
[2023-12-24 12:27:33.682246] INFO: action: Ride 6588237c4e0846172b307e45 cancelled by user
[2023-12-24 12:27:33.697958] INFO: action: SOCKETS : User 05e1c5da796eef4ecb95fa2519f449b25c28729c1ab136109953d7e2efd49824 disconnected from sockets
[2023-12-24 12:27:57.670359] INFO: action: SOCKETS : Driver ee9557bc117b3550f46d5d08adb6583c1d74f7639e0909aca0af4bc43a2d12e7 connected to sockets
[2023-12-24 12:28:11.691392] INFO: action: SOCKETS : Driver ee9557bc117b3550f46d5d08adb6583c1d74f7639e0909aca0af4bc43a2d12e7 connected to sockets
[2023-12-24 12:48:11.641233] INFO: action: SOCKETS : Driver ee9557bc117b3550f46d5d08adb6583c1d74f7639e0909aca0af4bc43a2d12e7 connected to sockets
[2023-12-24 12:51:58.617720] INFO: action: SOCKETS : Driver ee9557bc117b3550f46d5d08adb6583c1d74f7639e0909aca0af4bc43a2d12e7 connected to sockets
[2023-12-24 12:52:06.019519] INFO: action: SOCKETS : User ee9557bc117b3550f46d5d08adb6583c1d74f7639e0909aca0af4bc43a2d12e7 disconnected from sockets
[2023-12-24 12:52:07.066272] INFO: action: SOCKETS : Driver ee9557bc117b3550f46d5d08adb6583c1d74f7639e0909aca0af4bc43a2d12e7 connected to sockets
[2023-12-24 12:54:38.653473] INFO: action: SOCKETS : Driver ee9557bc117b3550f46d5d08adb6583c1d74f7639e0909aca0af4bc43a2d12e7 connected to sockets
[2023-12-24 12:56:37.390356] INFO: action: User 05e1c5da796eef4ecb95fa2519f449b25c28729c1ab136109953d7e2efd49824 created a ride from 151 Av. de la République, 94800 Villejuif, France to 31, Avenue de l'Opéra, Paris, IDF, 75002, France at Now on 2023-12-23T23:00:00.000Z
[2023-12-24 12:56:37.394370] INFO: action: Ride 65882a854c041b20334a3baf created
[2023-12-24 12:56:37.421604] INFO: action: User 05e1c5da796eef4ecb95fa2519f449b25c28729c1ab136109953d7e2efd49824 accessed ride 65882a854c041b20334a3baf. Status of the ride is searching
[2023-12-24 12:56:37.951759] INFO: action: SOCKETS : Customer 05e1c5da796eef4ecb95fa2519f449b25c28729c1ab136109953d7e2efd49824 connected to sockets
[2023-12-24 12:56:38.006437] INFO: action: SOCKETS : New ride request sent to drivers of QuickieX by User 05e1c5da796eef4ecb95fa2519f449b25c28729c1ab136109953d7e2efd49824
[2023-12-24 12:57:27.510756] INFO: action: SOCKETS : Customer 05e1c5da796eef4ecb95fa2519f449b25c28729c1ab136109953d7e2efd49824 connected to sockets
[2023-12-24 12:57:27.641820] INFO: action: SOCKETS : Driver ee9557bc117b3550f46d5d08adb6583c1d74f7639e0909aca0af4bc43a2d12e7 connected to sockets
[2023-12-24 12:57:28.534785] INFO: action: SOCKETS : New ride request sent to drivers of QuickieX by User 05e1c5da796eef4ecb95fa2519f449b25c28729c1ab136109953d7e2efd49824
[2023-12-24 12:58:58.880730] INFO: action: SOCKETS : User 05e1c5da796eef4ecb95fa2519f449b25c28729c1ab136109953d7e2efd49824 disconnected from sockets
[2023-12-24 13:03:33.623531] INFO: action: SOCKETS : Driver ee9557bc117b3550f46d5d08adb6583c1d74f7639e0909aca0af4bc43a2d12e7 connected to sockets
[2023-12-24 13:14:09.751653] INFO: action: SOCKETS : User ee9557bc117b3550f46d5d08adb6583c1d74f7639e0909aca0af4bc43a2d12e7 disconnected from sockets
[2023-12-24 13:14:09.838859] INFO: action: SOCKETS : Driver ee9557bc117b3550f46d5d08adb6583c1d74f7639e0909aca0af4bc43a2d12e7 connected to sockets
[2023-12-24 13:15:06.578409] INFO: action: SOCKETS : User ee9557bc117b3550f46d5d08adb6583c1d74f7639e0909aca0af4bc43a2d12e7 disconnected from sockets
[2023-12-24 13:17:47.538819] INFO: action: SOCKETS : Driver ee9557bc117b3550f46d5d08adb6583c1d74f7639e0909aca0af4bc43a2d12e7 connected to sockets
[2023-12-24 13:19:38.068097] INFO: action: User 05e1c5da796eef4ecb95fa2519f449b25c28729c1ab136109953d7e2efd49824 logged out
[2023-12-24 13:20:04.360241] INFO: action: User mondaymarvelpodcast@gmail.com entered otp 8294
[2023-12-24 13:20:04.360241] INFO: action: User 05e1c5da796eef4ecb95fa2519f449b25c28729c1ab136109953d7e2efd49824 logged in after otp verification
[2023-12-24 13:20:04.420147] INFO: action: User 05e1c5da796eef4ecb95fa2519f449b25c28729c1ab136109953d7e2efd49824 accessed ride 65882a854c041b20334a3baf. Status of the ride is searching
[2023-12-24 13:20:04.931632] INFO: action: SOCKETS : Customer 05e1c5da796eef4ecb95fa2519f449b25c28729c1ab136109953d7e2efd49824 connected to sockets
[2023-12-24 13:20:05.069348] INFO: action: SOCKETS : New ride request sent to drivers of QuickieX by User 05e1c5da796eef4ecb95fa2519f449b25c28729c1ab136109953d7e2efd49824
[2023-12-24 13:20:11.074067] INFO: action: SOCKETS : User 05e1c5da796eef4ecb95fa2519f449b25c28729c1ab136109953d7e2efd49824 cancelled ride request 65882a854c041b20334a3baf
[2023-12-24 13:20:11.102076] INFO: action: Ride 65882a854c041b20334a3baf cancelled by user
[2023-12-24 13:20:11.118521] INFO: action: SOCKETS : User 05e1c5da796eef4ecb95fa2519f449b25c28729c1ab136109953d7e2efd49824 disconnected from sockets
[2023-12-24 13:25:49.168697] INFO: action: User 05e1c5da796eef4ecb95fa2519f449b25c28729c1ab136109953d7e2efd49824 calculated ride price from [48.8738879, 2.2839979] to [48.8757889, 2.2968461]
[2023-12-24 13:26:02.377360] INFO: action: User 05e1c5da796eef4ecb95fa2519f449b25c28729c1ab136109953d7e2efd49824 created a ride from 121, Avenue de Malakoff, Paris, IDF, 75016, France to 12 Avenue de Wagram, Paris, France at Now on 2023-12-23T23:00:00.000Z
[2023-12-24 13:26:02.380364] INFO: action: Ride 6588316a153ffd7f703900e5 created
[2023-12-24 13:26:02.410414] INFO: action: User 05e1c5da796eef4ecb95fa2519f449b25c28729c1ab136109953d7e2efd49824 accessed ride 6588316a153ffd7f703900e5. Status of the ride is searching
[2023-12-24 13:26:02.776106] INFO: action: SOCKETS : Customer 05e1c5da796eef4ecb95fa2519f449b25c28729c1ab136109953d7e2efd49824 connected to sockets
[2023-12-24 13:26:02.834825] INFO: action: SOCKETS : New ride request sent to drivers of QuickieX by User 05e1c5da796eef4ecb95fa2519f449b25c28729c1ab136109953d7e2efd49824
[2023-12-24 13:26:07.374556] INFO: action: SOCKETS : User 05e1c5da796eef4ecb95fa2519f449b25c28729c1ab136109953d7e2efd49824 cancelled ride request 6588316a153ffd7f703900e5
[2023-12-24 13:26:07.378555] INFO: action: SOCKETS : User 05e1c5da796eef4ecb95fa2519f449b25c28729c1ab136109953d7e2efd49824 disconnected from sockets
[2023-12-24 13:26:07.459470] INFO: action: User 05e1c5da796eef4ecb95fa2519f449b25c28729c1ab136109953d7e2efd49824 accessed ride 6588316a153ffd7f703900e5. Status of the ride is searching
[2023-12-24 13:26:07.778158] INFO: action: SOCKETS : Customer 05e1c5da796eef4ecb95fa2519f449b25c28729c1ab136109953d7e2efd49824 connected to sockets
[2023-12-24 13:26:07.829659] INFO: action: SOCKETS : New ride request sent to drivers of QuickieX by User 05e1c5da796eef4ecb95fa2519f449b25c28729c1ab136109953d7e2efd49824
[2023-12-24 13:27:02.240223] INFO: action: SOCKETS : User 05e1c5da796eef4ecb95fa2519f449b25c28729c1ab136109953d7e2efd49824 cancelled ride request 6588316a153ffd7f703900e5
[2023-12-24 13:27:02.247221] INFO: action: SOCKETS : User 05e1c5da796eef4ecb95fa2519f449b25c28729c1ab136109953d7e2efd49824 disconnected from sockets
[2023-12-24 13:27:02.431940] INFO: action: User 05e1c5da796eef4ecb95fa2519f449b25c28729c1ab136109953d7e2efd49824 accessed ride 6588316a153ffd7f703900e5. Status of the ride is searching
[2023-12-24 13:27:03.117528] INFO: action: SOCKETS : Customer 05e1c5da796eef4ecb95fa2519f449b25c28729c1ab136109953d7e2efd49824 connected to sockets
[2023-12-24 13:27:03.340048] INFO: action: SOCKETS : New ride request sent to drivers of QuickieX by User 05e1c5da796eef4ecb95fa2519f449b25c28729c1ab136109953d7e2efd49824
[2023-12-24 13:27:10.940612] INFO: action: SOCKETS : User 05e1c5da796eef4ecb95fa2519f449b25c28729c1ab136109953d7e2efd49824 cancelled ride request 6588316a153ffd7f703900e5
[2023-12-24 13:27:10.949610] INFO: action: SOCKETS : User 05e1c5da796eef4ecb95fa2519f449b25c28729c1ab136109953d7e2efd49824 disconnected from sockets
[2023-12-24 13:27:11.129804] INFO: action: User 05e1c5da796eef4ecb95fa2519f449b25c28729c1ab136109953d7e2efd49824 accessed ride 6588316a153ffd7f703900e5. Status of the ride is searching
[2023-12-24 13:27:11.863190] INFO: action: SOCKETS : Customer 05e1c5da796eef4ecb95fa2519f449b25c28729c1ab136109953d7e2efd49824 connected to sockets
[2023-12-24 13:27:12.304337] INFO: action: SOCKETS : New ride request sent to drivers of QuickieX by User 05e1c5da796eef4ecb95fa2519f449b25c28729c1ab136109953d7e2efd49824
[2023-12-24 13:27:13.446872] INFO: action: SOCKETS : User 05e1c5da796eef4ecb95fa2519f449b25c28729c1ab136109953d7e2efd49824 disconnected from sockets
[2023-12-24 13:27:16.880883] INFO: action: SOCKETS : Customer 05e1c5da796eef4ecb95fa2519f449b25c28729c1ab136109953d7e2efd49824 connected to sockets
[2023-12-24 13:27:17.000956] INFO: action: SOCKETS : New ride request sent to drivers of QuickieX by User 05e1c5da796eef4ecb95fa2519f449b25c28729c1ab136109953d7e2efd49824
[2023-12-24 13:27:17.350128] INFO: action: SOCKETS : User 05e1c5da796eef4ecb95fa2519f449b25c28729c1ab136109953d7e2efd49824 disconnected from sockets
[2023-12-24 13:27:18.134949] INFO: action: User 05e1c5da796eef4ecb95fa2519f449b25c28729c1ab136109953d7e2efd49824 accessed ride 6588316a153ffd7f703900e5. Status of the ride is searching
[2023-12-24 13:27:18.757379] INFO: action: SOCKETS : Customer 05e1c5da796eef4ecb95fa2519f449b25c28729c1ab136109953d7e2efd49824 connected to sockets
[2023-12-24 13:27:18.836583] INFO: action: SOCKETS : New ride request sent to drivers of QuickieX by User 05e1c5da796eef4ecb95fa2519f449b25c28729c1ab136109953d7e2efd49824
[2023-12-24 13:27:27.421718] INFO: action: SOCKETS : User 05e1c5da796eef4ecb95fa2519f449b25c28729c1ab136109953d7e2efd49824 cancelled ride request 6588316a153ffd7f703900e5
[2023-12-24 13:27:27.426702] INFO: action: SOCKETS : User 05e1c5da796eef4ecb95fa2519f449b25c28729c1ab136109953d7e2efd49824 disconnected from sockets
[2023-12-24 13:27:27.568622] INFO: action: User 05e1c5da796eef4ecb95fa2519f449b25c28729c1ab136109953d7e2efd49824 accessed ride 6588316a153ffd7f703900e5. Status of the ride is searching
[2023-12-24 13:27:28.845678] INFO: action: SOCKETS : Customer 05e1c5da796eef4ecb95fa2519f449b25c28729c1ab136109953d7e2efd49824 connected to sockets
[2023-12-24 13:27:29.455071] INFO: action: SOCKETS : New ride request sent to drivers of QuickieX by User 05e1c5da796eef4ecb95fa2519f449b25c28729c1ab136109953d7e2efd49824
[2023-12-24 13:27:33.401155] INFO: action: SOCKETS : User 05e1c5da796eef4ecb95fa2519f449b25c28729c1ab136109953d7e2efd49824 cancelled ride request 6588316a153ffd7f703900e5
[2023-12-24 13:27:33.404168] INFO: action: SOCKETS : User 05e1c5da796eef4ecb95fa2519f449b25c28729c1ab136109953d7e2efd49824 disconnected from sockets
[2023-12-24 13:27:33.539929] INFO: action: User 05e1c5da796eef4ecb95fa2519f449b25c28729c1ab136109953d7e2efd49824 accessed ride 6588316a153ffd7f703900e5. Status of the ride is searching
[2023-12-24 13:27:34.041582] INFO: action: SOCKETS : Customer 05e1c5da796eef4ecb95fa2519f449b25c28729c1ab136109953d7e2efd49824 connected to sockets
[2023-12-24 13:27:34.231075] INFO: action: SOCKETS : New ride request sent to drivers of QuickieX by User 05e1c5da796eef4ecb95fa2519f449b25c28729c1ab136109953d7e2efd49824
[2023-12-24 13:28:10.231658] INFO: action: SOCKETS : User 05e1c5da796eef4ecb95fa2519f449b25c28729c1ab136109953d7e2efd49824 disconnected from sockets
[2023-12-24 13:28:10.274012] INFO: action: User 05e1c5da796eef4ecb95fa2519f449b25c28729c1ab136109953d7e2efd49824 accessed ride 6588316a153ffd7f703900e5. Status of the ride is searching
[2023-12-24 13:28:10.633201] INFO: action: SOCKETS : Customer 05e1c5da796eef4ecb95fa2519f449b25c28729c1ab136109953d7e2efd49824 connected to sockets
[2023-12-24 13:28:10.698978] INFO: action: SOCKETS : New ride request sent to drivers of QuickieX by User 05e1c5da796eef4ecb95fa2519f449b25c28729c1ab136109953d7e2efd49824
[2023-12-24 13:28:14.201482] INFO: action: SOCKETS : User 05e1c5da796eef4ecb95fa2519f449b25c28729c1ab136109953d7e2efd49824 cancelled ride request 6588316a153ffd7f703900e5
[2023-12-24 13:28:14.218582] INFO: action: Ride 6588316a153ffd7f703900e5 cancelled by user
[2023-12-24 13:28:14.233310] INFO: action: SOCKETS : User 05e1c5da796eef4ecb95fa2519f449b25c28729c1ab136109953d7e2efd49824 disconnected from sockets
[2023-12-24 13:29:06.694291] INFO: action: User 05e1c5da796eef4ecb95fa2519f449b25c28729c1ab136109953d7e2efd49824 calculated ride price from [48.8920403, 2.3780882] to [48.8162334, 2.3681826]
[2023-12-24 13:29:11.476753] INFO: action: User 05e1c5da796eef4ecb95fa2519f449b25c28729c1ab136109953d7e2efd49824 created a ride from 131, Avenue de Flandre, Paris, IDF, 75019, France to 17 Avenue de Verdun, Ivry-sur-Seine, France at Now on 2023-12-23T23:00:00.000Z
[2023-12-24 13:29:11.479752] INFO: action: Ride 65883227153ffd7f703900e6 created
[2023-12-24 13:29:11.503783] INFO: action: User 05e1c5da796eef4ecb95fa2519f449b25c28729c1ab136109953d7e2efd49824 accessed ride 65883227153ffd7f703900e6. Status of the ride is searching
[2023-12-24 13:29:11.950074] INFO: action: SOCKETS : Customer 05e1c5da796eef4ecb95fa2519f449b25c28729c1ab136109953d7e2efd49824 connected to sockets
[2023-12-24 13:29:12.040243] INFO: action: SOCKETS : New ride request sent to drivers of Taxi by User 05e1c5da796eef4ecb95fa2519f449b25c28729c1ab136109953d7e2efd49824
[2023-12-24 13:29:15.336262] INFO: action: Ride 65883227153ffd7f703900e6 accepted by driver ee9557bc117b3550f46d5d08adb6583c1d74f7639e0909aca0af4bc43a2d12e7
[2023-12-24 13:29:15.356934] INFO: action: SOCKETS : Driver ee9557bc117b3550f46d5d08adb6583c1d74f7639e0909aca0af4bc43a2d12e7 accepted ride request 65883227153ffd7f703900e6
[2023-12-24 13:29:15.363692] INFO: action: SOCKETS : User ee9557bc117b3550f46d5d08adb6583c1d74f7639e0909aca0af4bc43a2d12e7 disconnected from sockets
[2023-12-24 13:29:16.014745] INFO: action: SOCKETS : Driver ee9557bc117b3550f46d5d08adb6583c1d74f7639e0909aca0af4bc43a2d12e7 connected to sockets
[2023-12-24 13:29:16.031042] INFO: action: SOCKETS : User 05e1c5da796eef4ecb95fa2519f449b25c28729c1ab136109953d7e2efd49824 disconnected from sockets
[2023-12-24 13:29:16.069917] INFO: action: Chat created for ride 65883227153ffd7f703900e6
[2023-12-24 13:30:06.041935] INFO: action: SOCKETS : Driver ee9557bc117b3550f46d5d08adb6583c1d74f7639e0909aca0af4bc43a2d12e7 connected to sockets
[2023-12-24 13:30:19.667391] INFO: action: SOCKETS : Driver ee9557bc117b3550f46d5d08adb6583c1d74f7639e0909aca0af4bc43a2d12e7 connected to sockets
[2023-12-24 13:30:21.802653] INFO: action: Ride OTP sent to mondaymarvelpodcast@gmail.com
[2023-12-24 13:30:22.319021] INFO: action: SOCKETS : Customer 05e1c5da796eef4ecb95fa2519f449b25c28729c1ab136109953d7e2efd49824 connected to sockets
[2023-12-24 13:30:26.563881] INFO: action: SOCKETS : User ee9557bc117b3550f46d5d08adb6583c1d74f7639e0909aca0af4bc43a2d12e7 disconnected from sockets
[2023-12-24 13:30:26.774862] INFO: action: SOCKETS : Driver ee9557bc117b3550f46d5d08adb6583c1d74f7639e0909aca0af4bc43a2d12e7 connected to sockets
[2023-12-24 13:31:58.881266] INFO: action: SOCKETS : Driver ee9557bc117b3550f46d5d08adb6583c1d74f7639e0909aca0af4bc43a2d12e7 connected to sockets
[2023-12-24 13:31:58.909431] INFO: action: SOCKETS : Customer 05e1c5da796eef4ecb95fa2519f449b25c28729c1ab136109953d7e2efd49824 connected to sockets
[2023-12-24 13:32:15.210404] INFO: action: SOCKETS : User ee9557bc117b3550f46d5d08adb6583c1d74f7639e0909aca0af4bc43a2d12e7 disconnected from sockets
[2023-12-24 13:32:15.602791] INFO: action: SOCKETS : Driver ee9557bc117b3550f46d5d08adb6583c1d74f7639e0909aca0af4bc43a2d12e7 connected to sockets
[2023-12-24 13:32:17.779807] INFO: action: SOCKETS : Driver  updated location for ride 65883227153ffd7f703900e6 to {'lat': 48.7881154, 'lng': 2.350112}
[2023-12-24 13:32:19.320243] INFO: action: SOCKETS : User ee9557bc117b3550f46d5d08adb6583c1d74f7639e0909aca0af4bc43a2d12e7 disconnected from sockets
[2023-12-24 13:32:22.395447] INFO: action: SOCKETS : Driver ee9557bc117b3550f46d5d08adb6583c1d74f7639e0909aca0af4bc43a2d12e7 connected to sockets
[2023-12-24 13:32:24.515008] INFO: action: SOCKETS : Driver  updated location for ride 65883227153ffd7f703900e6 to {'lat': 48.7881154, 'lng': 2.350112}
[2023-12-24 13:32:26.859571] INFO: action: Ride 65883227153ffd7f703900e6 cancelled by driver
[2023-12-24 13:32:26.872609] INFO: action: SOCKETS : Ride 65883227153ffd7f703900e6 cancelled by driver
[2023-12-24 13:32:26.880092] INFO: action: SOCKETS : User ee9557bc117b3550f46d5d08adb6583c1d74f7639e0909aca0af4bc43a2d12e7 disconnected from sockets
[2023-12-24 13:32:26.882095] INFO: action: SOCKETS : User 05e1c5da796eef4ecb95fa2519f449b25c28729c1ab136109953d7e2efd49824 disconnected from sockets
[2023-12-24 13:32:27.006697] INFO: action: User 05e1c5da796eef4ecb95fa2519f449b25c28729c1ab136109953d7e2efd49824 accessed ride 65883227153ffd7f703900e6. Status of the ride is searching
[2023-12-24 13:32:27.183316] INFO: action: SOCKETS : Driver ee9557bc117b3550f46d5d08adb6583c1d74f7639e0909aca0af4bc43a2d12e7 connected to sockets
[2023-12-24 13:32:27.633518] INFO: action: SOCKETS : Customer 05e1c5da796eef4ecb95fa2519f449b25c28729c1ab136109953d7e2efd49824 connected to sockets
[2023-12-24 13:32:28.234082] INFO: action: SOCKETS : New ride request sent to drivers of Taxi by User 05e1c5da796eef4ecb95fa2519f449b25c28729c1ab136109953d7e2efd49824
[2023-12-24 13:36:36.574158] INFO: action: SOCKETS : User 05e1c5da796eef4ecb95fa2519f449b25c28729c1ab136109953d7e2efd49824 disconnected from sockets
[2023-12-24 13:36:36.620633] INFO: action: User 05e1c5da796eef4ecb95fa2519f449b25c28729c1ab136109953d7e2efd49824 accessed ride 65883227153ffd7f703900e6. Status of the ride is searching
[2023-12-24 13:36:36.676187] INFO: action: User 05e1c5da796eef4ecb95fa2519f449b25c28729c1ab136109953d7e2efd49824 accessed ride 65883227153ffd7f703900e6. Status of the ride is searching
[2023-12-24 13:36:36.726532] INFO: action: User 05e1c5da796eef4ecb95fa2519f449b25c28729c1ab136109953d7e2efd49824 accessed ride 65883227153ffd7f703900e6. Status of the ride is searching
[2023-12-24 13:36:36.770670] INFO: action: User 05e1c5da796eef4ecb95fa2519f449b25c28729c1ab136109953d7e2efd49824 accessed ride 65883227153ffd7f703900e6. Status of the ride is searching
[2023-12-24 13:36:36.813168] INFO: action: User 05e1c5da796eef4ecb95fa2519f449b25c28729c1ab136109953d7e2efd49824 accessed ride 65883227153ffd7f703900e6. Status of the ride is searching
[2023-12-24 13:36:36.855598] INFO: action: User 05e1c5da796eef4ecb95fa2519f449b25c28729c1ab136109953d7e2efd49824 accessed ride 65883227153ffd7f703900e6. Status of the ride is searching
[2023-12-24 13:36:36.900906] INFO: action: User 05e1c5da796eef4ecb95fa2519f449b25c28729c1ab136109953d7e2efd49824 accessed ride 65883227153ffd7f703900e6. Status of the ride is searching
[2023-12-24 13:36:36.942362] INFO: action: User 05e1c5da796eef4ecb95fa2519f449b25c28729c1ab136109953d7e2efd49824 accessed ride 65883227153ffd7f703900e6. Status of the ride is searching
[2023-12-24 13:36:36.985299] INFO: action: User 05e1c5da796eef4ecb95fa2519f449b25c28729c1ab136109953d7e2efd49824 accessed ride 65883227153ffd7f703900e6. Status of the ride is searching
[2023-12-24 13:36:37.034452] INFO: action: User 05e1c5da796eef4ecb95fa2519f449b25c28729c1ab136109953d7e2efd49824 accessed ride 65883227153ffd7f703900e6. Status of the ride is searching
[2023-12-24 13:36:37.082648] INFO: action: User 05e1c5da796eef4ecb95fa2519f449b25c28729c1ab136109953d7e2efd49824 accessed ride 65883227153ffd7f703900e6. Status of the ride is searching
[2023-12-24 13:36:59.084564] INFO: action: User 05e1c5da796eef4ecb95fa2519f449b25c28729c1ab136109953d7e2efd49824 accessed ride 65883227153ffd7f703900e6. Status of the ride is searching
[2023-12-24 13:36:59.672047] INFO: action: SOCKETS : Customer 05e1c5da796eef4ecb95fa2519f449b25c28729c1ab136109953d7e2efd49824 connected to sockets
[2023-12-24 13:36:59.701590] INFO: action: SOCKETS : New ride request sent to drivers of Taxi by User 05e1c5da796eef4ecb95fa2519f449b25c28729c1ab136109953d7e2efd49824
[2023-12-24 13:37:10.375578] INFO: action: SOCKETS : User 05e1c5da796eef4ecb95fa2519f449b25c28729c1ab136109953d7e2efd49824 disconnected from sockets
[2023-12-24 13:37:12.880447] INFO: action: SOCKETS : Customer 05e1c5da796eef4ecb95fa2519f449b25c28729c1ab136109953d7e2efd49824 connected to sockets
[2023-12-24 13:37:13.161527] INFO: action: SOCKETS : New ride request sent to drivers of Taxi by User 05e1c5da796eef4ecb95fa2519f449b25c28729c1ab136109953d7e2efd49824
[2023-12-24 13:37:28.154768] INFO: action: SOCKETS : User 05e1c5da796eef4ecb95fa2519f449b25c28729c1ab136109953d7e2efd49824 disconnected from sockets
[2023-12-24 13:37:28.278259] INFO: action: User 05e1c5da796eef4ecb95fa2519f449b25c28729c1ab136109953d7e2efd49824 accessed ride 65883227153ffd7f703900e6. Status of the ride is searching
[2023-12-24 13:37:29.683466] INFO: action: SOCKETS : Customer 05e1c5da796eef4ecb95fa2519f449b25c28729c1ab136109953d7e2efd49824 connected to sockets
[2023-12-24 13:37:29.770652] INFO: action: SOCKETS : New ride request sent to drivers of Taxi by User 05e1c5da796eef4ecb95fa2519f449b25c28729c1ab136109953d7e2efd49824
[2023-12-24 13:37:32.114922] INFO: action: SOCKETS : User 05e1c5da796eef4ecb95fa2519f449b25c28729c1ab136109953d7e2efd49824 disconnected from sockets
[2023-12-24 13:37:38.221879] INFO: action: User 05e1c5da796eef4ecb95fa2519f449b25c28729c1ab136109953d7e2efd49824 accessed ride 65883227153ffd7f703900e6. Status of the ride is searching
[2023-12-24 13:37:38.514500] INFO: action: SOCKETS : Customer 05e1c5da796eef4ecb95fa2519f449b25c28729c1ab136109953d7e2efd49824 connected to sockets
[2023-12-24 13:37:38.583090] INFO: action: SOCKETS : New ride request sent to drivers of Taxi by User 05e1c5da796eef4ecb95fa2519f449b25c28729c1ab136109953d7e2efd49824
[2023-12-24 13:37:39.578112] INFO: action: SOCKETS : User 05e1c5da796eef4ecb95fa2519f449b25c28729c1ab136109953d7e2efd49824 disconnected from sockets
[2023-12-24 13:37:39.615797] INFO: action: User 05e1c5da796eef4ecb95fa2519f449b25c28729c1ab136109953d7e2efd49824 accessed ride 65883227153ffd7f703900e6. Status of the ride is searching
[2023-12-24 13:37:40.007076] INFO: action: SOCKETS : Customer 05e1c5da796eef4ecb95fa2519f449b25c28729c1ab136109953d7e2efd49824 connected to sockets
[2023-12-24 13:37:40.151375] INFO: action: SOCKETS : New ride request sent to drivers of Taxi by User 05e1c5da796eef4ecb95fa2519f449b25c28729c1ab136109953d7e2efd49824
[2023-12-24 13:38:11.254968] INFO: action: SOCKETS : User 05e1c5da796eef4ecb95fa2519f449b25c28729c1ab136109953d7e2efd49824 disconnected from sockets
[2023-12-24 13:38:11.301013] INFO: action: User 05e1c5da796eef4ecb95fa2519f449b25c28729c1ab136109953d7e2efd49824 accessed ride 65883227153ffd7f703900e6. Status of the ride is searching
[2023-12-24 13:38:11.935367] INFO: action: SOCKETS : Customer 05e1c5da796eef4ecb95fa2519f449b25c28729c1ab136109953d7e2efd49824 connected to sockets
[2023-12-24 13:38:12.060864] INFO: action: SOCKETS : New ride request sent to drivers of Taxi by User 05e1c5da796eef4ecb95fa2519f449b25c28729c1ab136109953d7e2efd49824
[2023-12-24 13:39:34.176196] INFO: action: SOCKETS : User 05e1c5da796eef4ecb95fa2519f449b25c28729c1ab136109953d7e2efd49824 disconnected from sockets
[2023-12-24 13:39:34.226150] INFO: action: User 05e1c5da796eef4ecb95fa2519f449b25c28729c1ab136109953d7e2efd49824 accessed ride 65883227153ffd7f703900e6. Status of the ride is searching
[2023-12-24 13:39:34.911485] INFO: action: SOCKETS : Customer 05e1c5da796eef4ecb95fa2519f449b25c28729c1ab136109953d7e2efd49824 connected to sockets
[2023-12-24 13:39:35.113954] INFO: action: SOCKETS : New ride request sent to drivers of Taxi by User 05e1c5da796eef4ecb95fa2519f449b25c28729c1ab136109953d7e2efd49824
[2023-12-24 13:39:39.060403] INFO: action: SOCKETS : User 05e1c5da796eef4ecb95fa2519f449b25c28729c1ab136109953d7e2efd49824 cancelled ride request 65883227153ffd7f703900e6
[2023-12-24 13:39:39.062404] INFO: action: SOCKETS : User 05e1c5da796eef4ecb95fa2519f449b25c28729c1ab136109953d7e2efd49824 disconnected from sockets
[2023-12-24 13:39:51.928280] INFO: action: SOCKETS : Customer 05e1c5da796eef4ecb95fa2519f449b25c28729c1ab136109953d7e2efd49824 connected to sockets
[2023-12-24 13:39:52.040834] INFO: action: SOCKETS : New ride request sent to drivers of Taxi by User 05e1c5da796eef4ecb95fa2519f449b25c28729c1ab136109953d7e2efd49824
[2023-12-24 13:39:52.811915] INFO: action: SOCKETS : User 05e1c5da796eef4ecb95fa2519f449b25c28729c1ab136109953d7e2efd49824 disconnected from sockets
[2023-12-24 13:39:52.839973] INFO: action: User 05e1c5da796eef4ecb95fa2519f449b25c28729c1ab136109953d7e2efd49824 accessed ride 65883227153ffd7f703900e6. Status of the ride is searching
[2023-12-24 13:39:53.219413] INFO: action: SOCKETS : Customer 05e1c5da796eef4ecb95fa2519f449b25c28729c1ab136109953d7e2efd49824 connected to sockets
[2023-12-24 13:39:53.317004] INFO: action: SOCKETS : New ride request sent to drivers of Taxi by User 05e1c5da796eef4ecb95fa2519f449b25c28729c1ab136109953d7e2efd49824
[2023-12-24 13:40:11.543493] INFO: action: SOCKETS : User 05e1c5da796eef4ecb95fa2519f449b25c28729c1ab136109953d7e2efd49824 cancelled ride request 65883227153ffd7f703900e6
[2023-12-24 13:40:11.560927] INFO: action: Ride 65883227153ffd7f703900e6 cancelled by user
[2023-12-24 13:40:11.573008] INFO: action: SOCKETS : User 05e1c5da796eef4ecb95fa2519f449b25c28729c1ab136109953d7e2efd49824 disconnected from sockets
[2023-12-24 13:40:14.409558] INFO: action: SOCKETS : Customer 05e1c5da796eef4ecb95fa2519f449b25c28729c1ab136109953d7e2efd49824 connected to sockets
[2023-12-24 13:40:14.501482] INFO: action: SOCKETS : New ride request sent to drivers of Taxi by User 05e1c5da796eef4ecb95fa2519f449b25c28729c1ab136109953d7e2efd49824
[2023-12-24 13:40:15.643836] INFO: action: SOCKETS : User 05e1c5da796eef4ecb95fa2519f449b25c28729c1ab136109953d7e2efd49824 disconnected from sockets
[2023-12-24 13:40:15.680967] INFO: action: User 05e1c5da796eef4ecb95fa2519f449b25c28729c1ab136109953d7e2efd49824 accessed ride 65883227153ffd7f703900e6. Status of the ride is cancelled
[2023-12-24 13:40:16.088017] INFO: action: SOCKETS : Customer 05e1c5da796eef4ecb95fa2519f449b25c28729c1ab136109953d7e2efd49824 connected to sockets
[2023-12-24 13:41:09.712534] INFO: action: SOCKETS : Driver ee9557bc117b3550f46d5d08adb6583c1d74f7639e0909aca0af4bc43a2d12e7 connected to sockets
[2023-12-24 13:41:09.738484] INFO: action: User 05e1c5da796eef4ecb95fa2519f449b25c28729c1ab136109953d7e2efd49824 accessed ride 65883227153ffd7f703900e6. Status of the ride is cancelled
[2023-12-24 13:43:05.627914] INFO: action: SOCKETS : Driver ee9557bc117b3550f46d5d08adb6583c1d74f7639e0909aca0af4bc43a2d12e7 connected to sockets
[2023-12-24 13:48:42.309132] INFO: action: SOCKETS : Driver ee9557bc117b3550f46d5d08adb6583c1d74f7639e0909aca0af4bc43a2d12e7 connected to sockets
[2023-12-24 13:48:58.154554] INFO: action: User 05e1c5da796eef4ecb95fa2519f449b25c28729c1ab136109953d7e2efd49824 calculated ride price from [48.7864555, 2.3508073] to [48.8995066, 2.3869396]
[2023-12-24 13:49:02.615976] INFO: action: User 05e1c5da796eef4ecb95fa2519f449b25c28729c1ab136109953d7e2efd49824 created a ride from 151 Av. de la République, 94800 Villejuif, France to 15, Avenue de la Porte de la Villette, Paris, IDF, 75019, France at Now on 2023-12-23T23:00:00.000Z
[2023-12-24 13:49:02.618008] INFO: action: Ride 658836ce7be42aa1d1101c7b created
[2023-12-24 13:49:02.645501] INFO: action: User 05e1c5da796eef4ecb95fa2519f449b25c28729c1ab136109953d7e2efd49824 accessed ride 658836ce7be42aa1d1101c7b. Status of the ride is searching
[2023-12-24 13:49:03.102292] INFO: action: SOCKETS : Customer 05e1c5da796eef4ecb95fa2519f449b25c28729c1ab136109953d7e2efd49824 connected to sockets
[2023-12-24 13:49:03.135602] INFO: action: SOCKETS : New ride request sent to drivers of Taxi by User 05e1c5da796eef4ecb95fa2519f449b25c28729c1ab136109953d7e2efd49824
[2023-12-24 13:49:07.294827] INFO: action: SOCKETS : User 05e1c5da796eef4ecb95fa2519f449b25c28729c1ab136109953d7e2efd49824 disconnected from sockets
[2023-12-24 13:49:07.334337] INFO: action: User 05e1c5da796eef4ecb95fa2519f449b25c28729c1ab136109953d7e2efd49824 logged out
[2023-12-24 13:49:36.656752] INFO: action: SOCKETS : Driver ee9557bc117b3550f46d5d08adb6583c1d74f7639e0909aca0af4bc43a2d12e7 connected to sockets
[2023-12-24 13:51:52.836191] INFO: action: OTP sent to mondaymarvelpodcast@gmail.com
[2023-12-24 13:51:59.133115] INFO: action: User mondaymarvelpodcast@gmail.com entered otp 2928
[2023-12-24 13:51:59.133115] INFO: action: User 05e1c5da796eef4ecb95fa2519f449b25c28729c1ab136109953d7e2efd49824 logged in after otp verification
[2023-12-24 13:51:59.196018] INFO: action: User 05e1c5da796eef4ecb95fa2519f449b25c28729c1ab136109953d7e2efd49824 accessed ride 658836ce7be42aa1d1101c7b. Status of the ride is searching
[2023-12-24 13:51:59.658534] INFO: action: SOCKETS : Customer 05e1c5da796eef4ecb95fa2519f449b25c28729c1ab136109953d7e2efd49824 connected to sockets
[2023-12-24 13:51:59.801175] INFO: action: SOCKETS : New ride request sent to drivers of Taxi by User 05e1c5da796eef4ecb95fa2519f449b25c28729c1ab136109953d7e2efd49824
[2023-12-24 13:52:09.580514] INFO: action: SOCKETS : User 05e1c5da796eef4ecb95fa2519f449b25c28729c1ab136109953d7e2efd49824 disconnected from sockets
[2023-12-24 13:52:09.616681] INFO: action: User 05e1c5da796eef4ecb95fa2519f449b25c28729c1ab136109953d7e2efd49824 logged out
[2023-12-24 13:53:25.033703] INFO: action: SOCKETS : Driver ee9557bc117b3550f46d5d08adb6583c1d74f7639e0909aca0af4bc43a2d12e7 connected to sockets
[2023-12-24 13:53:33.850764] INFO: action: OTP sent to mondaymarvelpodcast@gmail.com
[2023-12-24 13:53:37.543288] INFO: action: User mondaymarvelpodcast@gmail.com entered otp 4345
[2023-12-24 13:53:37.543288] INFO: action: User 05e1c5da796eef4ecb95fa2519f449b25c28729c1ab136109953d7e2efd49824 logged in after otp verification
[2023-12-24 13:53:37.595667] INFO: action: User 05e1c5da796eef4ecb95fa2519f449b25c28729c1ab136109953d7e2efd49824 accessed ride 658836ce7be42aa1d1101c7b. Status of the ride is searching
[2023-12-24 13:53:38.042901] INFO: action: SOCKETS : Customer 05e1c5da796eef4ecb95fa2519f449b25c28729c1ab136109953d7e2efd49824 connected to sockets
[2023-12-24 13:53:38.162857] INFO: action: SOCKETS : New ride request sent to drivers of Taxi by User 05e1c5da796eef4ecb95fa2519f449b25c28729c1ab136109953d7e2efd49824
[2023-12-24 13:53:42.683341] INFO: action: SOCKETS : User 05e1c5da796eef4ecb95fa2519f449b25c28729c1ab136109953d7e2efd49824 disconnected from sockets
[2023-12-24 13:53:47.320718] INFO: action: User 05e1c5da796eef4ecb95fa2519f449b25c28729c1ab136109953d7e2efd49824 accessed ride 658836ce7be42aa1d1101c7b. Status of the ride is searching
[2023-12-24 13:53:47.559821] INFO: action: SOCKETS : Customer 05e1c5da796eef4ecb95fa2519f449b25c28729c1ab136109953d7e2efd49824 connected to sockets
[2023-12-24 13:53:47.766278] INFO: action: SOCKETS : New ride request sent to drivers of Taxi by User 05e1c5da796eef4ecb95fa2519f449b25c28729c1ab136109953d7e2efd49824
[2023-12-24 13:54:43.753261] INFO: action: Ride 658836ce7be42aa1d1101c7b accepted by driver ee9557bc117b3550f46d5d08adb6583c1d74f7639e0909aca0af4bc43a2d12e7
[2023-12-24 13:54:43.771570] INFO: action: SOCKETS : Driver ee9557bc117b3550f46d5d08adb6583c1d74f7639e0909aca0af4bc43a2d12e7 accepted ride request 658836ce7be42aa1d1101c7b
[2023-12-24 13:54:43.776604] INFO: action: SOCKETS : User ee9557bc117b3550f46d5d08adb6583c1d74f7639e0909aca0af4bc43a2d12e7 disconnected from sockets
[2023-12-24 13:54:44.352458] INFO: action: SOCKETS : Driver ee9557bc117b3550f46d5d08adb6583c1d74f7639e0909aca0af4bc43a2d12e7 connected to sockets
[2023-12-24 13:54:44.368142] INFO: action: SOCKETS : User 05e1c5da796eef4ecb95fa2519f449b25c28729c1ab136109953d7e2efd49824 disconnected from sockets
[2023-12-24 13:54:44.417360] INFO: action: Chat created for ride 658836ce7be42aa1d1101c7b
[2023-12-24 13:54:45.066758] INFO: action: Ride OTP sent to mondaymarvelpodcast@gmail.com
[2023-12-24 13:54:45.523600] INFO: action: SOCKETS : Customer 05e1c5da796eef4ecb95fa2519f449b25c28729c1ab136109953d7e2efd49824 connected to sockets
[2023-12-24 13:54:46.539873] INFO: action: SOCKETS : Driver  updated location for ride 658836ce7be42aa1d1101c7b to {'lat': 48.7866042, 'lng': 2.3510275}
[2023-12-24 13:54:48.536845] INFO: action: SOCKETS : Driver  updated location for ride 658836ce7be42aa1d1101c7b to {'lat': 48.786707, 'lng': 2.3514542}
[2023-12-24 13:54:50.537152] INFO: action: SOCKETS : Driver  updated location for ride 658836ce7be42aa1d1101c7b to {'lat': 48.7875861, 'lng': 2.3512163}
[2023-12-24 13:54:52.537324] INFO: action: SOCKETS : Driver  updated location for ride 658836ce7be42aa1d1101c7b to {'lat': 48.7867826, 'lng': 2.3514222}
[2023-12-24 13:54:54.539004] INFO: action: SOCKETS : Driver  updated location for ride 658836ce7be42aa1d1101c7b to {'lat': 48.78533789999999, 'lng': 2.3484117}
[2023-12-24 13:54:56.528130] INFO: action: SOCKETS : Driver  updated location for ride 658836ce7be42aa1d1101c7b to {'lat': 48.7865398, 'lng': 2.3507588}
[2023-12-24 13:54:56.546171] INFO: action: SOCKETS : User driver sent a message to ride 658836ce7be42aa1d1101c7b
[2023-12-24 13:54:56.555713] INFO: action: Message sent from ee9557bc117b3550f46d5d08adb6583c1d74f7639e0909aca0af4bc43a2d12e7 to 05e1c5da796eef4ecb95fa2519f449b25c28729c1ab136109953d7e2efd49824
[2023-12-24 13:54:56.555713] INFO: action: User ee9557bc117b3550f46d5d08adb6583c1d74f7639e0909aca0af4bc43a2d12e7 sent a message to 05e1c5da796eef4ecb95fa2519f449b25c28729c1ab136109953d7e2efd49824
[2023-12-24 13:54:56.709337] INFO: action: SOCKETS : User ee9557bc117b3550f46d5d08adb6583c1d74f7639e0909aca0af4bc43a2d12e7 disconnected from sockets
[2023-12-24 13:54:56.981864] INFO: action: SOCKETS : Driver ee9557bc117b3550f46d5d08adb6583c1d74f7639e0909aca0af4bc43a2d12e7 connected to sockets
[2023-12-24 13:54:59.115503] INFO: action: SOCKETS : Driver  updated location for ride 658836ce7be42aa1d1101c7b to {'lat': 48.7866042, 'lng': 2.3510275}
[2023-12-24 13:55:01.122358] INFO: action: SOCKETS : Driver  updated location for ride 658836ce7be42aa1d1101c7b to {'lat': 48.786707, 'lng': 2.3514542}
[2023-12-24 13:55:03.110556] INFO: action: SOCKETS : Driver  updated location for ride 658836ce7be42aa1d1101c7b to {'lat': 48.7875861, 'lng': 2.3512163}
[2023-12-24 13:55:05.109745] INFO: action: SOCKETS : Driver  updated location for ride 658836ce7be42aa1d1101c7b to {'lat': 48.7867826, 'lng': 2.3514222}
[2023-12-24 13:55:07.113537] INFO: action: SOCKETS : Driver  updated location for ride 658836ce7be42aa1d1101c7b to {'lat': 48.78533789999999, 'lng': 2.3484117}
[2023-12-24 13:55:09.111024] INFO: action: SOCKETS : Driver  updated location for ride 658836ce7be42aa1d1101c7b to {'lat': 48.7865398, 'lng': 2.3507588}
[2023-12-24 13:55:09.124058] INFO: action: SOCKETS : User driver sent a message to ride 658836ce7be42aa1d1101c7b
[2023-12-24 13:55:09.128071] INFO: action: Message sent from ee9557bc117b3550f46d5d08adb6583c1d74f7639e0909aca0af4bc43a2d12e7 to 05e1c5da796eef4ecb95fa2519f449b25c28729c1ab136109953d7e2efd49824
[2023-12-24 13:55:09.128071] INFO: action: User ee9557bc117b3550f46d5d08adb6583c1d74f7639e0909aca0af4bc43a2d12e7 sent a message to 05e1c5da796eef4ecb95fa2519f449b25c28729c1ab136109953d7e2efd49824
[2023-12-24 13:55:10.000360] INFO: action: SOCKETS : Ride 658836ce7be42aa1d1101c7b started
[2023-12-24 13:55:12.177123] INFO: action: SOCKETS : Driver  updated location for ride 658836ce7be42aa1d1101c7b to {'lat': 48.7865398, 'lng': 2.3507588}
[2023-12-24 13:55:14.182805] INFO: action: SOCKETS : Driver  updated location for ride 658836ce7be42aa1d1101c7b to {'lat': 48.7873755, 'lng': 2.3541582}
[2023-12-24 13:55:15.145572] INFO: action: SOCKETS : Ride 658836ce7be42aa1d1101c7b ended
[2023-12-24 13:55:15.151317] INFO: action: SOCKETS : User ee9557bc117b3550f46d5d08adb6583c1d74f7639e0909aca0af4bc43a2d12e7 disconnected from sockets
[2023-12-24 13:55:15.156568] INFO: action: SOCKETS : User 05e1c5da796eef4ecb95fa2519f449b25c28729c1ab136109953d7e2efd49824 disconnected from sockets
[2023-12-24 13:55:22.690147] INFO: action: SOCKETS : Driver ee9557bc117b3550f46d5d08adb6583c1d74f7639e0909aca0af4bc43a2d12e7 connected to sockets
[2023-12-24 13:55:27.907170] INFO: action: Driver ee9557bc117b3550f46d5d08adb6583c1d74f7639e0909aca0af4bc43a2d12e7 details updated
[2023-12-24 13:55:27.908171] INFO: action: Driver ee9557bc117b3550f46d5d08adb6583c1d74f7639e0909aca0af4bc43a2d12e7 rating updated
[2023-12-24 13:55:29.822301] INFO: action: SOCKETS : User ee9557bc117b3550f46d5d08adb6583c1d74f7639e0909aca0af4bc43a2d12e7 disconnected from sockets
[2023-12-24 13:55:29.996714] INFO: action: SOCKETS : Driver ee9557bc117b3550f46d5d08adb6583c1d74f7639e0909aca0af4bc43a2d12e7 connected to sockets
[2023-12-24 16:15:29.288216] INFO: action: SOCKETS : User ee9557bc117b3550f46d5d08adb6583c1d74f7639e0909aca0af4bc43a2d12e7 disconnected from sockets
[2023-12-24 16:16:41.293908] INFO: action: SOCKETS : Driver ee9557bc117b3550f46d5d08adb6583c1d74f7639e0909aca0af4bc43a2d12e7 connected to sockets
[2023-12-24 16:57:53.868739] INFO: action: SOCKETS : Driver ee9557bc117b3550f46d5d08adb6583c1d74f7639e0909aca0af4bc43a2d12e7 connected to sockets
[2023-12-24 16:58:27.785933] INFO: action: SOCKETS : Driver ee9557bc117b3550f46d5d08adb6583c1d74f7639e0909aca0af4bc43a2d12e7 connected to sockets
[2023-12-24 16:58:50.844951] INFO: action: SOCKETS : Driver ee9557bc117b3550f46d5d08adb6583c1d74f7639e0909aca0af4bc43a2d12e7 connected to sockets
[2023-12-24 16:59:44.740549] INFO: action: SOCKETS : Driver ee9557bc117b3550f46d5d08adb6583c1d74f7639e0909aca0af4bc43a2d12e7 connected to sockets
[2023-12-24 17:08:10.469163] INFO: action: SOCKETS : User ee9557bc117b3550f46d5d08adb6583c1d74f7639e0909aca0af4bc43a2d12e7 disconnected from sockets
[2023-12-24 17:08:10.528411] INFO: action: User ee9557bc117b3550f46d5d08adb6583c1d74f7639e0909aca0af4bc43a2d12e7 logged out
[2023-12-24 17:21:38.238340] INFO: action: OTP sent to driver@gmail.com
[2023-12-24 17:21:44.770587] INFO: action: User driver@gmail.com entered otp 4020
[2023-12-24 17:21:44.771583] INFO: action: User 34dbb202d20c3ee18ff482dcedd2dd54962a65558e494e91382517503b575017 logged in after otp verification
[2023-12-24 17:22:06.785519] INFO: action: User 34dbb202d20c3ee18ff482dcedd2dd54962a65558e494e91382517503b575017 logged out
[2023-12-24 17:23:43.767252] INFO: action: OTP sent to driver@driver.com
[2023-12-24 17:23:53.995870] INFO: action: User driver@driver.com entered otp 5042
[2023-12-24 17:24:52.814680] INFO: action: User driver@driver.com entered otp 5043
[2023-12-24 17:24:52.815703] INFO: action: User ee9557bc117b3550f46d5d08adb6583c1d74f7639e0909aca0af4bc43a2d12e7 logged in after otp verification
[2023-12-24 17:24:53.355465] INFO: action: SOCKETS : Driver ee9557bc117b3550f46d5d08adb6583c1d74f7639e0909aca0af4bc43a2d12e7 connected to sockets
[2023-12-24 17:26:20.864689] INFO: action: SOCKETS : User ee9557bc117b3550f46d5d08adb6583c1d74f7639e0909aca0af4bc43a2d12e7 disconnected from sockets
[2023-12-24 17:26:21.299837] INFO: action: SOCKETS : Driver ee9557bc117b3550f46d5d08adb6583c1d74f7639e0909aca0af4bc43a2d12e7 connected to sockets
[2023-12-24 17:26:35.698867] INFO: action: SOCKETS : User ee9557bc117b3550f46d5d08adb6583c1d74f7639e0909aca0af4bc43a2d12e7 disconnected from sockets
[2023-12-24 17:26:35.972442] INFO: action: SOCKETS : Driver ee9557bc117b3550f46d5d08adb6583c1d74f7639e0909aca0af4bc43a2d12e7 connected to sockets
[2023-12-24 17:27:15.767019] INFO: action: SOCKETS : User ee9557bc117b3550f46d5d08adb6583c1d74f7639e0909aca0af4bc43a2d12e7 disconnected from sockets
[2023-12-24 17:27:16.115435] INFO: action: SOCKETS : Driver ee9557bc117b3550f46d5d08adb6583c1d74f7639e0909aca0af4bc43a2d12e7 connected to sockets
[2023-12-24 17:27:47.702898] INFO: action: SOCKETS : User ee9557bc117b3550f46d5d08adb6583c1d74f7639e0909aca0af4bc43a2d12e7 disconnected from sockets
[2023-12-24 17:27:47.969751] INFO: action: SOCKETS : Driver ee9557bc117b3550f46d5d08adb6583c1d74f7639e0909aca0af4bc43a2d12e7 connected to sockets
[2023-12-24 17:28:03.663308] INFO: action: SOCKETS : User ee9557bc117b3550f46d5d08adb6583c1d74f7639e0909aca0af4bc43a2d12e7 disconnected from sockets
[2023-12-24 17:28:03.918755] INFO: action: SOCKETS : Driver ee9557bc117b3550f46d5d08adb6583c1d74f7639e0909aca0af4bc43a2d12e7 connected to sockets
[2023-12-24 17:28:31.665876] INFO: action: User 05e1c5da796eef4ecb95fa2519f449b25c28729c1ab136109953d7e2efd49824 calculated ride price from [48.7864555, 2.3508073] to [48.7841568, 2.4040587]
[2023-12-24 17:29:24.729152] INFO: action: User 05e1c5da796eef4ecb95fa2519f449b25c28729c1ab136109953d7e2efd49824 created a ride from 151 Av. de la République, 94800 Villejuif, France to 16 Avenue la Bruyère, Vitry-sur-Seine, France at Now on 2023-12-23T23:00:00.000Z
[2023-12-24 17:29:24.745178] INFO: action: Ride 65886a74da71599a51b17ec1 created
[2023-12-24 17:29:24.805253] INFO: action: User 05e1c5da796eef4ecb95fa2519f449b25c28729c1ab136109953d7e2efd49824 accessed ride 65886a74da71599a51b17ec1. Status of the ride is searching
[2023-12-24 17:29:25.846688] INFO: action: SOCKETS : Customer 05e1c5da796eef4ecb95fa2519f449b25c28729c1ab136109953d7e2efd49824 connected to sockets
[2023-12-24 17:29:25.922689] INFO: action: SOCKETS : New ride request sent to drivers of Taxi by User 05e1c5da796eef4ecb95fa2519f449b25c28729c1ab136109953d7e2efd49824
[2023-12-24 17:56:49.868440] INFO: action: SOCKETS : User 05e1c5da796eef4ecb95fa2519f449b25c28729c1ab136109953d7e2efd49824 disconnected from sockets
[2023-12-24 17:56:49.924414] INFO: action: User 05e1c5da796eef4ecb95fa2519f449b25c28729c1ab136109953d7e2efd49824 accessed ride 65886a74da71599a51b17ec1. Status of the ride is searching
[2023-12-24 17:56:51.503640] INFO: action: SOCKETS : Customer 05e1c5da796eef4ecb95fa2519f449b25c28729c1ab136109953d7e2efd49824 connected to sockets
[2023-12-24 17:56:51.639560] INFO: action: SOCKETS : New ride request sent to drivers of Taxi by User 05e1c5da796eef4ecb95fa2519f449b25c28729c1ab136109953d7e2efd49824
[2023-12-24 17:57:09.051608] INFO: action: SOCKETS : User 05e1c5da796eef4ecb95fa2519f449b25c28729c1ab136109953d7e2efd49824 disconnected from sockets
[2023-12-24 17:57:09.135360] INFO: action: User 05e1c5da796eef4ecb95fa2519f449b25c28729c1ab136109953d7e2efd49824 accessed ride 65886a74da71599a51b17ec1. Status of the ride is searching
[2023-12-24 17:57:09.869488] INFO: action: SOCKETS : Customer 05e1c5da796eef4ecb95fa2519f449b25c28729c1ab136109953d7e2efd49824 connected to sockets
[2023-12-24 17:57:09.927920] INFO: action: SOCKETS : New ride request sent to drivers of Taxi by User 05e1c5da796eef4ecb95fa2519f449b25c28729c1ab136109953d7e2efd49824
[2023-12-24 18:03:02.375968] INFO: action: SOCKETS : Driver ee9557bc117b3550f46d5d08adb6583c1d74f7639e0909aca0af4bc43a2d12e7 connected to sockets
[2023-12-24 18:03:02.381960] INFO: action: SOCKETS : Customer 05e1c5da796eef4ecb95fa2519f449b25c28729c1ab136109953d7e2efd49824 connected to sockets
[2023-12-24 18:03:02.840093] INFO: action: SOCKETS : New ride request sent to drivers of Taxi by User 05e1c5da796eef4ecb95fa2519f449b25c28729c1ab136109953d7e2efd49824
