[2023-12-24 12:25:03.023082] INFO: performance: Route - /ride/review/65881f707d2a530a0586393b took 0.04 seconds
[2023-12-24 12:25:44.937529] INFO: performance: Route - /ride/review/65881f707d2a530a0586393b took 0.03 seconds
[2023-12-24 12:25:45.026789] INFO: performance: Route - /home took 0.03 seconds
[2023-12-24 12:26:24.847679] INFO: performance: Route - /ride/calculate took 0.01 seconds
[2023-12-24 12:26:36.911755] INFO: performance: Route - /ride/create took 0.01 seconds
[2023-12-24 12:26:36.953720] INFO: performance: Route - /ride/6588237c4e0846172b307e45 took 0.02 seconds
[2023-12-24 12:27:09.615707] INFO: performance: Route - /home took 0.07 seconds
[2023-12-24 12:27:33.687759] INFO: performance: Route - /ride/cancel/6588237c4e0846172b307e45 took 0.01 seconds
[2023-12-24 12:27:33.738977] INFO: performance: Route - /home took 0.01 seconds
[2023-12-24 12:29:36.418473] INFO: performance: Route - /home took 0.10 seconds
[2023-12-24 12:29:47.851537] INFO: performance: Route - /ride/calculate took 0.01 seconds
[2023-12-24 12:31:15.744421] INFO: performance: Route - /home took 0.07 seconds
[2023-12-24 12:31:18.037896] INFO: performance: Route - /ride/calculate took 0.01 seconds
[2023-12-24 12:32:29.873415] INFO: performance: Route - /home took 0.01 seconds
[2023-12-24 12:32:33.070776] INFO: performance: Route - /ride/calculate took 0.01 seconds
[2023-12-24 12:33:09.669954] INFO: performance: Route - /home took 0.01 seconds
[2023-12-24 12:33:12.257993] INFO: performance: Route - /ride/calculate took 0.01 seconds
[2023-12-24 12:33:59.956441] INFO: performance: Route - /home took 0.01 seconds
[2023-12-24 12:34:01.996141] INFO: performance: Route - /ride/calculate took 0.01 seconds
[2023-12-24 12:34:53.060004] INFO: performance: Route - /home took 0.00 seconds
[2023-12-24 12:34:55.114309] INFO: performance: Route - /ride/calculate took 0.00 seconds
[2023-12-24 12:35:42.458324] INFO: performance: Route - /home took 0.01 seconds
[2023-12-24 12:35:44.441002] INFO: performance: Route - /ride/calculate took 0.00 seconds
[2023-12-24 12:41:01.684236] INFO: performance: Route - /home took 0.07 seconds
[2023-12-24 12:41:04.022051] INFO: performance: Route - /ride/calculate took 0.01 seconds
[2023-12-24 12:41:56.680390] INFO: performance: Route - /home took 0.06 seconds
[2023-12-24 12:41:58.441622] INFO: performance: Route - /ride/calculate took 0.01 seconds
[2023-12-24 12:52:06.260837] INFO: performance: Route - /home took 0.21 seconds
[2023-12-24 12:56:30.013635] INFO: performance: Route - /ride/calculate took 0.01 seconds
[2023-12-24 12:56:32.109623] INFO: performance: Route - /home took 0.03 seconds
[2023-12-24 12:56:34.238137] INFO: performance: Route - /ride/calculate took 0.01 seconds
[2023-12-24 12:56:37.396506] INFO: performance: Route - /ride/create took 0.01 seconds
[2023-12-24 12:56:37.444605] INFO: performance: Route - /ride/65882a854c041b20334a3baf took 0.03 seconds
